<?xml version="1.0" encoding="UTF-8"?>
<!-- Generated by org.testng.reporters.JUnitReportReporter -->
<testsuite skipped="0" hostname="DESKTOP-PT67GFP" name="project.Demo" tests="1" failures="0" timestamp="01 Jul 2020 18:02:05 GMT" time="38.142" errors="0">
  <testcase name="test" time="38.142" classname="project.Demo"/>
</testsuite> <!-- project.Demo -->
